[2025-12-01T20:00:37.749+0000] {local_task_job_runner.py:120} INFO - ::group::Pre task execution logs
[2025-12-01T20:00:37.791+0000] {taskinstance.py:2076} INFO - Dependencies all met for dep_context=non-requeueable deps ti=<TaskInstance: metar_pipeline.collect_metar manual__2025-12-01T20:00:36.730848+00:00 [queued]>
[2025-12-01T20:00:37.797+0000] {taskinstance.py:2076} INFO - Dependencies all met for dep_context=requeueable deps ti=<TaskInstance: metar_pipeline.collect_metar manual__2025-12-01T20:00:36.730848+00:00 [queued]>
[2025-12-01T20:00:37.798+0000] {taskinstance.py:2306} INFO - Starting attempt 1 of 2
[2025-12-01T20:00:37.814+0000] {taskinstance.py:2330} INFO - Executing <Task(BashOperator): collect_metar> on 2025-12-01 20:00:36.730848+00:00
[2025-12-01T20:00:37.821+0000] {standard_task_runner.py:64} INFO - Started process 56 to run task
[2025-12-01T20:00:37.826+0000] {standard_task_runner.py:90} INFO - Running: ['***', 'tasks', 'run', 'metar_pipeline', 'collect_metar', 'manual__2025-12-01T20:00:36.730848+00:00', '--job-id', '9', '--raw', '--subdir', 'DAGS_FOLDER/metar_pipeline_dag.py', '--cfg-path', '/tmp/tmp7ndamcrj']
[2025-12-01T20:00:37.827+0000] {standard_task_runner.py:91} INFO - Job 9: Subtask collect_metar
[2025-12-01T20:00:37.946+0000] {task_command.py:426} INFO - Running <TaskInstance: metar_pipeline.collect_metar manual__2025-12-01T20:00:36.730848+00:00 [running]> on host e42d127276b8
[2025-12-01T20:00:38.119+0000] {taskinstance.py:2648} INFO - Exporting env vars: AIRFLOW_CTX_DAG_OWNER='***' AIRFLOW_CTX_DAG_ID='metar_pipeline' AIRFLOW_CTX_TASK_ID='collect_metar' AIRFLOW_CTX_EXECUTION_DATE='2025-12-01T20:00:36.730848+00:00' AIRFLOW_CTX_TRY_NUMBER='1' AIRFLOW_CTX_DAG_RUN_ID='manual__2025-12-01T20:00:36.730848+00:00'
[2025-12-01T20:00:38.120+0000] {taskinstance.py:430} INFO - ::endgroup::
[2025-12-01T20:00:38.130+0000] {subprocess.py:63} INFO - Tmp dir root location: /tmp
[2025-12-01T20:00:38.131+0000] {subprocess.py:75} INFO - Running command: ['/usr/bin/bash', '-c', 'export PYTHONPATH="/opt/metar-pipeline"; python /opt/metar-pipeline/src/collector/main.py']
[2025-12-01T20:00:38.145+0000] {subprocess.py:86} INFO - Output:
[2025-12-01T20:00:38.588+0000] {subprocess.py:93} INFO - Traceback (most recent call last):
[2025-12-01T20:00:38.589+0000] {subprocess.py:93} INFO -   File "/opt/metar-pipeline/src/collector/main.py", line 7, in <module>
[2025-12-01T20:00:38.591+0000] {subprocess.py:93} INFO -     from pymongo import MongoClient
[2025-12-01T20:00:38.591+0000] {subprocess.py:93} INFO - ModuleNotFoundError: No module named 'pymongo'
[2025-12-01T20:00:38.616+0000] {subprocess.py:97} INFO - Command exited with return code 1
[2025-12-01T20:00:38.617+0000] {taskinstance.py:441} INFO - ::group::Post task execution logs
[2025-12-01T20:00:38.646+0000] {taskinstance.py:2905} ERROR - Task failed with exception
Traceback (most recent call last):
  File "/home/airflow/.local/lib/python3.11/site-packages/airflow/models/taskinstance.py", line 465, in _execute_task
    result = _execute_callable(context=context, **execute_callable_kwargs)
             ^^^^^^^^^^^^^^^^^^^^^^^^^^^^^^^^^^^^^^^^^^^^^^^^^^^^^^^^^^^^^
  File "/home/airflow/.local/lib/python3.11/site-packages/airflow/models/taskinstance.py", line 432, in _execute_callable
    return execute_callable(context=context, **execute_callable_kwargs)
           ^^^^^^^^^^^^^^^^^^^^^^^^^^^^^^^^^^^^^^^^^^^^^^^^^^^^^^^^^^^^
  File "/home/airflow/.local/lib/python3.11/site-packages/airflow/models/baseoperator.py", line 401, in wrapper
    return func(self, *args, **kwargs)
           ^^^^^^^^^^^^^^^^^^^^^^^^^^^
  File "/home/airflow/.local/lib/python3.11/site-packages/airflow/operators/bash.py", line 243, in execute
    raise AirflowException(
airflow.exceptions.AirflowException: Bash command failed. The command returned a non-zero exit code 1.
[2025-12-01T20:00:38.649+0000] {taskinstance.py:1206} INFO - Marking task as UP_FOR_RETRY. dag_id=metar_pipeline, task_id=collect_metar, run_id=manual__2025-12-01T20:00:36.730848+00:00, execution_date=20251201T200036, start_date=20251201T200037, end_date=20251201T200038
[2025-12-01T20:00:38.677+0000] {standard_task_runner.py:110} ERROR - Failed to execute job 9 for task collect_metar (Bash command failed. The command returned a non-zero exit code 1.; 56)
[2025-12-01T20:00:38.720+0000] {local_task_job_runner.py:243} INFO - Task exited with return code 1
[2025-12-01T20:00:38.758+0000] {taskinstance.py:3503} INFO - 0 downstream tasks scheduled from follow-on schedule check
[2025-12-01T20:00:38.780+0000] {local_task_job_runner.py:222} INFO - ::endgroup::
