[2025-12-01T19:42:27.508+0000] {local_task_job_runner.py:120} INFO - ::group::Pre task execution logs
[2025-12-01T19:42:27.588+0000] {taskinstance.py:2076} INFO - Dependencies all met for dep_context=non-requeueable deps ti=<TaskInstance: metar_pipeline.collect_metar manual__2025-12-01T19:42:25.012899+00:00 [queued]>
[2025-12-01T19:42:27.595+0000] {taskinstance.py:2076} INFO - Dependencies all met for dep_context=requeueable deps ti=<TaskInstance: metar_pipeline.collect_metar manual__2025-12-01T19:42:25.012899+00:00 [queued]>
[2025-12-01T19:42:27.596+0000] {taskinstance.py:2306} INFO - Starting attempt 1 of 2
[2025-12-01T19:42:27.617+0000] {taskinstance.py:2330} INFO - Executing <Task(BashOperator): collect_metar> on 2025-12-01 19:42:25.012899+00:00
[2025-12-01T19:42:27.624+0000] {standard_task_runner.py:64} INFO - Started process 55 to run task
[2025-12-01T19:42:27.628+0000] {standard_task_runner.py:90} INFO - Running: ['***', 'tasks', 'run', 'metar_pipeline', 'collect_metar', 'manual__2025-12-01T19:42:25.012899+00:00', '--job-id', '4', '--raw', '--subdir', 'DAGS_FOLDER/metar_pipeline_dag.py', '--cfg-path', '/tmp/tmphbiunn64']
[2025-12-01T19:42:27.629+0000] {standard_task_runner.py:91} INFO - Job 4: Subtask collect_metar
[2025-12-01T19:42:27.732+0000] {task_command.py:426} INFO - Running <TaskInstance: metar_pipeline.collect_metar manual__2025-12-01T19:42:25.012899+00:00 [running]> on host 74f2b2c852d5
[2025-12-01T19:42:27.925+0000] {taskinstance.py:2648} INFO - Exporting env vars: AIRFLOW_CTX_DAG_OWNER='***' AIRFLOW_CTX_DAG_ID='metar_pipeline' AIRFLOW_CTX_TASK_ID='collect_metar' AIRFLOW_CTX_EXECUTION_DATE='2025-12-01T19:42:25.012899+00:00' AIRFLOW_CTX_TRY_NUMBER='1' AIRFLOW_CTX_DAG_RUN_ID='manual__2025-12-01T19:42:25.012899+00:00'
[2025-12-01T19:42:27.926+0000] {taskinstance.py:430} INFO - ::endgroup::
[2025-12-01T19:42:27.973+0000] {subprocess.py:63} INFO - Tmp dir root location: /tmp
[2025-12-01T19:42:27.974+0000] {subprocess.py:75} INFO - Running command: ['/usr/bin/bash', '-c', 'export PYTHONPATH="/opt/***"; python /opt/***/src/collector/main.py']
[2025-12-01T19:42:27.986+0000] {subprocess.py:86} INFO - Output:
[2025-12-01T19:42:28.049+0000] {subprocess.py:93} INFO - python: can't open file '/opt/***/src/collector/main.py': [Errno 2] No such file or directory
[2025-12-01T19:42:28.052+0000] {subprocess.py:97} INFO - Command exited with return code 2
[2025-12-01T19:42:28.053+0000] {taskinstance.py:441} INFO - ::group::Post task execution logs
[2025-12-01T19:42:28.082+0000] {taskinstance.py:2905} ERROR - Task failed with exception
Traceback (most recent call last):
  File "/home/airflow/.local/lib/python3.11/site-packages/airflow/models/taskinstance.py", line 465, in _execute_task
    result = _execute_callable(context=context, **execute_callable_kwargs)
             ^^^^^^^^^^^^^^^^^^^^^^^^^^^^^^^^^^^^^^^^^^^^^^^^^^^^^^^^^^^^^
  File "/home/airflow/.local/lib/python3.11/site-packages/airflow/models/taskinstance.py", line 432, in _execute_callable
    return execute_callable(context=context, **execute_callable_kwargs)
           ^^^^^^^^^^^^^^^^^^^^^^^^^^^^^^^^^^^^^^^^^^^^^^^^^^^^^^^^^^^^
  File "/home/airflow/.local/lib/python3.11/site-packages/airflow/models/baseoperator.py", line 401, in wrapper
    return func(self, *args, **kwargs)
           ^^^^^^^^^^^^^^^^^^^^^^^^^^^
  File "/home/airflow/.local/lib/python3.11/site-packages/airflow/operators/bash.py", line 243, in execute
    raise AirflowException(
airflow.exceptions.AirflowException: Bash command failed. The command returned a non-zero exit code 2.
[2025-12-01T19:42:28.087+0000] {taskinstance.py:1206} INFO - Marking task as UP_FOR_RETRY. dag_id=metar_pipeline, task_id=collect_metar, run_id=manual__2025-12-01T19:42:25.012899+00:00, execution_date=20251201T194225, start_date=20251201T194227, end_date=20251201T194228
[2025-12-01T19:42:28.123+0000] {standard_task_runner.py:110} ERROR - Failed to execute job 4 for task collect_metar (Bash command failed. The command returned a non-zero exit code 2.; 55)
[2025-12-01T19:42:28.162+0000] {local_task_job_runner.py:243} INFO - Task exited with return code 1
[2025-12-01T19:42:28.201+0000] {taskinstance.py:3503} INFO - 0 downstream tasks scheduled from follow-on schedule check
[2025-12-01T19:42:28.205+0000] {local_task_job_runner.py:222} INFO - ::endgroup::
