[2025-12-01T19:47:29.318+0000] {local_task_job_runner.py:120} INFO - ::group::Pre task execution logs
[2025-12-01T19:47:29.366+0000] {taskinstance.py:2076} INFO - Dependencies all met for dep_context=non-requeueable deps ti=<TaskInstance: metar_pipeline.collect_metar manual__2025-12-01T19:42:25.012899+00:00 [queued]>
[2025-12-01T19:47:29.372+0000] {taskinstance.py:2076} INFO - Dependencies all met for dep_context=requeueable deps ti=<TaskInstance: metar_pipeline.collect_metar manual__2025-12-01T19:42:25.012899+00:00 [queued]>
[2025-12-01T19:47:29.373+0000] {taskinstance.py:2306} INFO - Starting attempt 2 of 2
[2025-12-01T19:47:29.390+0000] {taskinstance.py:2330} INFO - Executing <Task(BashOperator): collect_metar> on 2025-12-01 19:42:25.012899+00:00
[2025-12-01T19:47:29.396+0000] {standard_task_runner.py:64} INFO - Started process 61 to run task
[2025-12-01T19:47:29.400+0000] {standard_task_runner.py:90} INFO - Running: ['***', 'tasks', 'run', 'metar_pipeline', 'collect_metar', 'manual__2025-12-01T19:42:25.012899+00:00', '--job-id', '6', '--raw', '--subdir', 'DAGS_FOLDER/metar_pipeline_dag.py', '--cfg-path', '/tmp/tmpf2enk7ew']
[2025-12-01T19:47:29.401+0000] {standard_task_runner.py:91} INFO - Job 6: Subtask collect_metar
[2025-12-01T19:47:29.502+0000] {task_command.py:426} INFO - Running <TaskInstance: metar_pipeline.collect_metar manual__2025-12-01T19:42:25.012899+00:00 [running]> on host 74f2b2c852d5
[2025-12-01T19:47:29.655+0000] {taskinstance.py:2648} INFO - Exporting env vars: AIRFLOW_CTX_DAG_OWNER='***' AIRFLOW_CTX_DAG_ID='metar_pipeline' AIRFLOW_CTX_TASK_ID='collect_metar' AIRFLOW_CTX_EXECUTION_DATE='2025-12-01T19:42:25.012899+00:00' AIRFLOW_CTX_TRY_NUMBER='2' AIRFLOW_CTX_DAG_RUN_ID='manual__2025-12-01T19:42:25.012899+00:00'
[2025-12-01T19:47:29.656+0000] {taskinstance.py:430} INFO - ::endgroup::
[2025-12-01T19:47:29.671+0000] {subprocess.py:63} INFO - Tmp dir root location: /tmp
[2025-12-01T19:47:29.672+0000] {subprocess.py:75} INFO - Running command: ['/usr/bin/bash', '-c', 'export PYTHONPATH="/opt/***"; python /opt/***/src/collector/main.py']
[2025-12-01T19:47:29.686+0000] {subprocess.py:86} INFO - Output:
[2025-12-01T19:47:29.746+0000] {subprocess.py:93} INFO - python: can't open file '/opt/***/src/collector/main.py': [Errno 2] No such file or directory
[2025-12-01T19:47:29.749+0000] {subprocess.py:97} INFO - Command exited with return code 2
[2025-12-01T19:47:29.750+0000] {taskinstance.py:441} INFO - ::group::Post task execution logs
[2025-12-01T19:47:29.778+0000] {taskinstance.py:2905} ERROR - Task failed with exception
Traceback (most recent call last):
  File "/home/airflow/.local/lib/python3.11/site-packages/airflow/models/taskinstance.py", line 465, in _execute_task
    result = _execute_callable(context=context, **execute_callable_kwargs)
             ^^^^^^^^^^^^^^^^^^^^^^^^^^^^^^^^^^^^^^^^^^^^^^^^^^^^^^^^^^^^^
  File "/home/airflow/.local/lib/python3.11/site-packages/airflow/models/taskinstance.py", line 432, in _execute_callable
    return execute_callable(context=context, **execute_callable_kwargs)
           ^^^^^^^^^^^^^^^^^^^^^^^^^^^^^^^^^^^^^^^^^^^^^^^^^^^^^^^^^^^^
  File "/home/airflow/.local/lib/python3.11/site-packages/airflow/models/baseoperator.py", line 401, in wrapper
    return func(self, *args, **kwargs)
           ^^^^^^^^^^^^^^^^^^^^^^^^^^^
  File "/home/airflow/.local/lib/python3.11/site-packages/airflow/operators/bash.py", line 243, in execute
    raise AirflowException(
airflow.exceptions.AirflowException: Bash command failed. The command returned a non-zero exit code 2.
[2025-12-01T19:47:29.782+0000] {taskinstance.py:1206} INFO - Marking task as FAILED. dag_id=metar_pipeline, task_id=collect_metar, run_id=manual__2025-12-01T19:42:25.012899+00:00, execution_date=20251201T194225, start_date=20251201T194729, end_date=20251201T194729
[2025-12-01T19:47:29.798+0000] {standard_task_runner.py:110} ERROR - Failed to execute job 6 for task collect_metar (Bash command failed. The command returned a non-zero exit code 2.; 61)
[2025-12-01T19:47:29.813+0000] {local_task_job_runner.py:243} INFO - Task exited with return code 1
[2025-12-01T19:47:29.853+0000] {taskinstance.py:3503} INFO - 0 downstream tasks scheduled from follow-on schedule check
[2025-12-01T19:47:29.859+0000] {local_task_job_runner.py:222} INFO - ::endgroup::
